[debug] [2024-04-20T02:31:53.023Z] ----------------------------------------------------------------------
[debug] [2024-04-20T02:31:53.024Z] Command:       C:\Program Files\nodejs\node.exe C:\Users\Admin\AppData\Roaming\npm\node_modules\firebase-tools\lib\bin\firebase.js init
[debug] [2024-04-20T02:31:53.024Z] CLI Version:   9.14.0
[debug] [2024-04-20T02:31:53.024Z] Platform:      win32
[debug] [2024-04-20T02:31:53.024Z] Node Version:  v16.20.2
[debug] [2024-04-20T02:31:53.025Z] Time:          Sat Apr 20 2024 09:31:53 GMT+0700 (Indochina Time)
[debug] [2024-04-20T02:31:53.025Z] ----------------------------------------------------------------------
[debug] 
[debug] [2024-04-20T02:31:53.030Z] > command requires scopes: ["email","openid","https://www.googleapis.com/auth/cloudplatformprojects.readonly","https://www.googleapis.com/auth/firebase","https://www.googleapis.com/auth/cloud-platform"]
[debug] [2024-04-20T02:31:53.030Z] > authorizing via signed-in user (haoah112@gmail.com)
[info] 
     ######## #### ########  ######## ########     ###     ######  ########
     ##        ##  ##     ## ##       ##     ##  ##   ##  ##       ##
     ######    ##  ########  ######   ########  #########  ######  ######
     ##        ##  ##    ##  ##       ##     ## ##     ##       ## ##
     ##       #### ##     ## ######## ########  ##     ##  ######  ########

You're about to initialize a Firebase project in this directory:

  D:\SongHao\ThueXeHN-main\ThueXeHN-Admin

Before we get started, keep in mind:

  * You are initializing within an existing Firebase project directory

[info] 
=== Project Setup
[info] 
[info] First, let's associate this project directory with a Firebase project.
[info] You can create multiple project aliases by running firebase use --add, 
[info] but for now we'll just set up a default project.
[info] 
[info] i  .firebaserc already has a default project, using thuexe. 
[debug] [2024-04-20T02:32:05.317Z] > refreshing access token with scopes: []
[debug] [2024-04-20T02:32:05.318Z] >>> HTTP REQUEST POST https://www.googleapis.com/oauth2/v3/token  
 <request body omitted>
[debug] [2024-04-20T02:32:05.558Z] <<< HTTP RESPONSE 200 {"date":"Sat, 20 Apr 2024 02:32:03 GMT","cache-control":"no-cache, no-store, max-age=0, must-revalidate","pragma":"no-cache","expires":"Mon, 01 Jan 1990 00:00:00 GMT","content-type":"application/json; charset=utf-8","vary":"X-Origin, Referer, Origin,Accept-Encoding","server":"scaffolding on HTTPServer2","x-xss-protection":"0","x-frame-options":"SAMEORIGIN","x-content-type-options":"nosniff","alt-svc":"h3=\":443\"; ma=2592000,h3-29=\":443\"; ma=2592000","accept-ranges":"none","transfer-encoding":"chunked"}
[debug] [2024-04-20T02:32:05.566Z] >>> [apiv2][query] GET https://firebase.googleapis.com/v1beta1/projects/thuexe [none]
[debug] [2024-04-20T02:32:06.058Z] <<< [apiv2][status] GET https://firebase.googleapis.com/v1beta1/projects/thuexe 403
[debug] [2024-04-20T02:32:06.058Z] <<< [apiv2][body] GET https://firebase.googleapis.com/v1beta1/projects/thuexe {"error":{"code":403,"message":"The caller does not have permission","status":"PERMISSION_DENIED"}}
[debug] [2024-04-20T02:32:06.058Z] HTTP Error: 403, The caller does not have permission
[debug] [2024-04-20T02:32:06.200Z] FirebaseError: HTTP Error: 403, The caller does not have permission
    at module.exports (C:\Users\Admin\AppData\Roaming\npm\node_modules\firebase-tools\lib\responseToError.js:38:12)
    at Client.doRequest (C:\Users\Admin\AppData\Roaming\npm\node_modules\firebase-tools\lib\apiv2.js:238:23)
    at processTicksAndRejections (node:internal/process/task_queues:96:5)
    at async Client.request (C:\Users\Admin\AppData\Roaming\npm\node_modules\firebase-tools\lib\apiv2.js:96:20)
    at async Object.getFirebaseProject (C:\Users\Admin\AppData\Roaming\npm\node_modules\firebase-tools\lib\management\projects.js:290:21)
    at async Object.doSetup [as project] (C:\Users\Admin\AppData\Roaming\npm\node_modules\firebase-tools\lib\init\features\project.js:77:27)
    at async init (C:\Users\Admin\AppData\Roaming\npm\node_modules\firebase-tools\lib\init\index.js:19:9)
[error] 
[error] Error: Failed to get Firebase project thuexe. Please make sure the project exists and your account has permission to access it.
